<?xml version="1.0" encoding="UTF-8"?>
<!-- Generated by org.testng.reporters.JUnitReportReporter -->
<testsuite skipped="0" hostname="DESKTOP-IUV45J7" name="mt.mstours.modules.LauchApp" tests="2" failures="0" timestamp="24 Apr 2019 06:39:46 GMT" time="29.476" errors="0">
  <testcase name="executeLauchApp" time="10.794" classname="mt.mstours.modules.LauchApp"/>
  <testcase name="executeLauchApp" time="18.682" classname="mt.mstours.modules.LauchApp"/>
</testsuite> <!-- mt.mstours.modules.LauchApp -->
