<?xml version="1.0" encoding="UTF-8"?>
<!-- Generated by org.testng.reporters.JUnitReportReporter -->
<testsuite skipped="0" hostname="DESKTOP-IUV45J7" name="mt.mstours.utility.CloseBrowser" tests="2" failures="0" timestamp="24 Apr 2019 06:39:46 GMT" time="0.656" errors="0">
  <testcase name="closeBrowser" time="0.162" classname="mt.mstours.utility.CloseBrowser"/>
  <testcase name="closeBrowser" time="0.494" classname="mt.mstours.utility.CloseBrowser"/>
</testsuite> <!-- mt.mstours.utility.CloseBrowser -->
